Flow report for Ethernet
Wed Jan 11 16:27:43 2023
Quartus II 64-Bit Version 13.0.1 Build 232 06/12/2013 Service Pack 1 SJ Web Edition


---------------------
; Table of Contents ;
---------------------
  1. Legal Notice
  2. Flow Summary
  3. Flow Settings
  4. Flow Non-Default Global Settings
  5. Flow Elapsed Time
  6. Flow OS Summary
  7. Flow Log
  8. Flow Messages
  9. Flow Suppressed Messages



----------------
; Legal Notice ;
----------------
Copyright (C) 1991-2013 Altera Corporation
Your use of Altera Corporation's design tools, logic functions 
and other software and tools, and its AMPP partner logic 
functions, and any output files from any of the foregoing 
(including device programming or simulation files), and any 
associated documentation or information are expressly subject 
to the terms and conditions of the Altera Program License 
Subscription Agreement, Altera MegaCore Function License 
Agreement, or other applicable license agreement, including, 
without limitation, that your use is for the sole purpose of 
programming logic devices manufactured by Altera and sold by 
Altera or its authorized distributors.  Please refer to the 
applicable agreement for further details.



+--------------------------------------------------------------------------------------+
; Flow Summary                                                                         ;
+------------------------------------+-------------------------------------------------+
; Flow Status                        ; Successful - Wed Jan 11 16:27:43 2023           ;
; Quartus II 64-Bit Version          ; 13.0.1 Build 232 06/12/2013 SP 1 SJ Web Edition ;
; Revision Name                      ; Ethernet                                        ;
; Top-level Entity Name              ; DM9000A_if                                      ;
; Family                             ; Cyclone II                                      ;
; Device                             ; EP2C35F672C6                                    ;
; Timing Models                      ; Final                                           ;
; Total logic elements               ; 14,957 / 33,216 ( 45 % )                        ;
;     Total combinational functions  ; 14,921 / 33,216 ( 45 % )                        ;
;     Dedicated logic registers      ; 579 / 33,216 ( 2 % )                            ;
; Total registers                    ; 579                                             ;
; Total pins                         ; 37 / 475 ( 8 % )                                ;
; Total virtual pins                 ; 0                                               ;
; Total memory bits                  ; 16,384 / 483,840 ( 3 % )                        ;
; Embedded Multiplier 9-bit elements ; 0 / 70 ( 0 % )                                  ;
; Total PLLs                         ; 0 / 4 ( 0 % )                                   ;
+------------------------------------+-------------------------------------------------+


+-----------------------------------------+
; Flow Settings                           ;
+-------------------+---------------------+
; Option            ; Setting             ;
+-------------------+---------------------+
; Start date & time ; 01/11/2023 16:26:03 ;
; Main task         ; Compilation         ;
; Revision Name     ; Ethernet            ;
+-------------------+---------------------+


+--------------------------------------------------------------------------------------------------------------------------------------------------------------+
; Flow Non-Default Global Settings                                                                                                                             ;
+-------------------------------------+-------------------------------------------------------------------------+---------------+-------------+----------------+
; Assignment Name                     ; Value                                                                   ; Default Value ; Entity Name ; Section Id     ;
+-------------------------------------+-------------------------------------------------------------------------+---------------+-------------+----------------+
; COMPILER_SIGNATURE_ID               ; 233360587608938.167344356203136                                         ; --            ; --          ; --             ;
; EDA_OUTPUT_DATA_FORMAT              ; Vhdl                                                                    ; --            ; --          ; eda_simulation ;
; EDA_SIMULATION_TOOL                 ; Active-HDL (VHDL)                                                       ; <None>        ; --          ; --             ;
; EDA_TIME_SCALE                      ; 1 ps                                                                    ; --            ; --          ; eda_simulation ;
; ENABLE_SIGNALTAP                    ; Off                                                                     ; --            ; --          ; --             ;
; FITTER_EFFORT                       ; Fast Fit                                                                ; Auto Fit      ; --          ; --             ;
; MAX_CORE_JUNCTION_TEMP              ; 85                                                                      ; --            ; --          ; --             ;
; MIN_CORE_JUNCTION_TEMP              ; 0                                                                       ; --            ; --          ; --             ;
; PARTITION_COLOR                     ; 16764057                                                                ; --            ; DM9000A_if  ; Top            ;
; PARTITION_FITTER_PRESERVATION_LEVEL ; PLACEMENT_AND_ROUTING                                                   ; --            ; DM9000A_if  ; Top            ;
; PARTITION_NETLIST_TYPE              ; SOURCE                                                                  ; --            ; DM9000A_if  ; Top            ;
; POWER_BOARD_THERMAL_MODEL           ; None (CONSERVATIVE)                                                     ; --            ; --          ; --             ;
; POWER_PRESET_COOLING_SOLUTION       ; 23 MM HEAT SINK WITH 200 LFPM AIRFLOW                                   ; --            ; --          ; --             ;
; PROJECT_OUTPUT_DIRECTORY            ; output_files                                                            ; --            ; --          ; --             ;
; SLD_FILE                            ; C:/My_Designs/DZ_eth_0/output_files/output_files/stp1_auto_stripped.stp ; --            ; --          ; --             ;
; SMART_RECOMPILE                     ; On                                                                      ; Off           ; --          ; --             ;
; TOP_LEVEL_ENTITY                    ; DM9000A_if                                                              ; Ethernet      ; --          ; --             ;
; USE_SIGNALTAP_FILE                  ; output_files/output_files/stp1.stp                                      ; --            ; --          ; --             ;
; VHDL_INPUT_VERSION                  ; VHDL_2008                                                               ; VHDL_1993     ; --          ; --             ;
; VHDL_SHOW_LMF_MAPPING_MESSAGES      ; Off                                                                     ; --            ; --          ; --             ;
+-------------------------------------+-------------------------------------------------------------------------+---------------+-------------+----------------+


+-------------------------------------------------------------------------------------------------------------------------------+
; Flow Elapsed Time                                                                                                             ;
+---------------------------+--------------+-------------------------+---------------------+------------------------------------+
; Module Name               ; Elapsed Time ; Average Processors Used ; Peak Virtual Memory ; Total CPU Time (on all processors) ;
+---------------------------+--------------+-------------------------+---------------------+------------------------------------+
; Analysis & Synthesis      ; 00:00:39     ; 1.0                     ; 4701 MB             ; 00:00:40                           ;
; Fitter                    ; 00:00:40     ; 1.9                     ; 5328 MB             ; 00:01:05                           ;
; Assembler                 ; 00:00:03     ; 1.0                     ; 4609 MB             ; 00:00:03                           ;
; TimeQuest Timing Analyzer ; 00:00:05     ; 1.0                     ; 4794 MB             ; 00:00:05                           ;
; EDA Netlist Writer        ; 00:00:07     ; 1.0                     ; 4677 MB             ; 00:00:07                           ;
; Total                     ; 00:01:34     ; --                      ; --                  ; 00:02:00                           ;
+---------------------------+--------------+-------------------------+---------------------+------------------------------------+


+----------------------------------------------------------------------------------------+
; Flow OS Summary                                                                        ;
+---------------------------+------------------+-----------+------------+----------------+
; Module Name               ; Machine Hostname ; OS Name   ; OS Version ; Processor type ;
+---------------------------+------------------+-----------+------------+----------------+
; Analysis & Synthesis      ; sm-519-winpc01   ; Windows 7 ; 6.2        ; x86_64         ;
; Fitter                    ; sm-519-winpc01   ; Windows 7 ; 6.2        ; x86_64         ;
; Assembler                 ; sm-519-winpc01   ; Windows 7 ; 6.2        ; x86_64         ;
; TimeQuest Timing Analyzer ; sm-519-winpc01   ; Windows 7 ; 6.2        ; x86_64         ;
; EDA Netlist Writer        ; sm-519-winpc01   ; Windows 7 ; 6.2        ; x86_64         ;
+---------------------------+------------------+-----------+------------+----------------+


------------
; Flow Log ;
------------
quartus_map --read_settings_files=on --write_settings_files=off Ethernet -c Ethernet
quartus_fit --read_settings_files=off --write_settings_files=off Ethernet -c Ethernet
quartus_asm --read_settings_files=off --write_settings_files=off Ethernet -c Ethernet
quartus_sta Ethernet -c Ethernet
quartus_eda --read_settings_files=off --write_settings_files=off Ethernet -c Ethernet



